<?xml version="1.0" encoding="UTF-8"?>
<!-- Generated by org.testng.reporters.JUnitXMLReporter -->
<testsuite hostname="LAPTOP-INV4FEQ8" ignored="0" name="Default test" tests="7" failures="0" timestamp="2022-06-16T20:21:15 EDT" time="88.066" errors="0">
  <testcase name="loginPageTitleTest" time="0.03" classname="com.projectname_qa.testcases.LoginPageTest"/>
  <testcase name="loginPageCurrentUrlTest" time="0.015" classname="com.projectname_qa.testcases.LoginPageTest"/>
  <testcase name="loginPageLogoImageTest" time="0.087" classname="com.projectname_qa.testcases.LoginPageTest"/>
  <testcase name="loginDetailsTest" time="8.685" classname="com.projectname_qa.testcases.LoginPageTest"/>
  <testcase name="loginDetailsTest" time="9.872" classname="com.projectname_qa.testcases.LoginPageTest"/>
  <testcase name="loginDetailsTest" time="8.78" classname="com.projectname_qa.testcases.LoginPageTest"/>
  <testcase name="loginDetailsTest" time="7.925" classname="com.projectname_qa.testcases.LoginPageTest"/>
</testsuite> <!-- Default test -->
