<?xml version="1.0" encoding="UTF-8"?>
<!-- Generated by org.testng.reporters.JUnitXMLReporter -->
<testsuite hostname="LAPTOP-INV4FEQ8" ignored="0" name="Test" tests="4" failures="0" timestamp="2022-06-16T10:41:22 EDT" time="24.405" errors="0">
  <testcase name="@AfterMethod tearDown" time="0.0" classname="com.projectname_qa.testcases.LoginPageTest">
    <failure type="java.lang.NullPointerException">
      <![CDATA[java.lang.NullPointerException
at com.projectname_qa.testcases.LoginPageTest.tearDown(LoginPageTest.java:54)
at java.util.ArrayList.forEach(ArrayList.java:1259)
... Removed 32 stack frames]]>
    </failure>
  </testcase> <!-- @AfterMethod tearDown -->
  <testcase name="@AfterMethod tearDown" time="0.001" classname="com.projectname_qa.testcases.LoginPageTest">
    <failure type="java.lang.NullPointerException">
      <![CDATA[java.lang.NullPointerException
at com.projectname_qa.testcases.LoginPageTest.tearDown(LoginPageTest.java:54)
at java.util.ArrayList.forEach(ArrayList.java:1259)
... Removed 32 stack frames]]>
    </failure>
  </testcase> <!-- @AfterMethod tearDown -->
  <testcase name="@AfterMethod tearDown" time="0.001" classname="com.projectname_qa.testcases.LoginPageTest">
    <failure type="java.lang.NullPointerException">
      <![CDATA[java.lang.NullPointerException
at com.projectname_qa.testcases.LoginPageTest.tearDown(LoginPageTest.java:54)
at java.util.ArrayList.forEach(ArrayList.java:1259)
... Removed 32 stack frames]]>
    </failure>
  </testcase> <!-- @AfterMethod tearDown -->
  <testcase name="@AfterMethod tearDown" time="0.0" classname="com.projectname_qa.testcases.LoginPageTest">
    <failure type="java.lang.NullPointerException">
      <![CDATA[java.lang.NullPointerException
at com.projectname_qa.testcases.LoginPageTest.tearDown(LoginPageTest.java:54)
at java.util.ArrayList.forEach(ArrayList.java:1259)
... Removed 32 stack frames]]>
    </failure>
  </testcase> <!-- @AfterMethod tearDown -->
  <testcase name="loginPageTitleTest" time="0.028" classname="com.projectname_qa.testcases.LoginPageTest"/>
  <testcase name="loginPageCurrentUrlTest" time="0.0" classname="com.projectname_qa.testcases.LoginPageTest">
    <skipped/>
  </testcase> <!-- loginPageCurrentUrlTest -->
  <testcase name="loginPageLogoImageTest" time="0.0" classname="com.projectname_qa.testcases.LoginPageTest">
    <skipped/>
  </testcase> <!-- loginPageLogoImageTest -->
  <testcase name="loginDetailsTest" time="0.0" classname="com.projectname_qa.testcases.LoginPageTest">
    <skipped/>
  </testcase> <!-- loginDetailsTest -->
</testsuite> <!-- Test -->
