<?xml version="1.0" encoding="UTF-8"?>
<testng-results skipped="0" failed="0" ignored="0" total="7" passed="7">
  <reporter-output>
  </reporter-output>
  <suite name="Default suite" duration-ms="88066" started-at="2022-06-16T20:19:47 EDT" finished-at="2022-06-16T20:21:15 EDT">
    <groups>
    </groups>
    <test name="Default test" duration-ms="88066" started-at="2022-06-16T20:19:47 EDT" finished-at="2022-06-16T20:21:15 EDT">
      <class name="com.projectname_qa.testcases.LoginPageTest">
        <test-method status="PASS" signature="setUp()[pri:0, instance:com.projectname_qa.testcases.LoginPageTest@18bf3d14]" name="setUp" is-config="true" duration-ms="9301" started-at="2022-06-16T20:19:47 EDT" finished-at="2022-06-16T20:19:56 EDT">
          <reporter-output>
          </reporter-output>
        </test-method> <!-- setUp -->
        <test-method status="PASS" signature="loginPageTitleTest()[pri:1, instance:com.projectname_qa.testcases.LoginPageTest@18bf3d14]" name="loginPageTitleTest" duration-ms="30" started-at="2022-06-16T20:19:56 EDT" finished-at="2022-06-16T20:19:56 EDT">
          <reporter-output>
          </reporter-output>
        </test-method> <!-- loginPageTitleTest -->
        <test-method status="PASS" signature="tearDown()[pri:0, instance:com.projectname_qa.testcases.LoginPageTest@18bf3d14]" name="tearDown" is-config="true" duration-ms="778" started-at="2022-06-16T20:19:56 EDT" finished-at="2022-06-16T20:19:57 EDT">
          <reporter-output>
          </reporter-output>
        </test-method> <!-- tearDown -->
        <test-method status="PASS" signature="setUp()[pri:0, instance:com.projectname_qa.testcases.LoginPageTest@18bf3d14]" name="setUp" is-config="true" duration-ms="5437" started-at="2022-06-16T20:19:57 EDT" finished-at="2022-06-16T20:20:03 EDT">
          <reporter-output>
          </reporter-output>
        </test-method> <!-- setUp -->
        <test-method status="PASS" signature="loginPageCurrentUrlTest()[pri:2, instance:com.projectname_qa.testcases.LoginPageTest@18bf3d14]" name="loginPageCurrentUrlTest" duration-ms="15" started-at="2022-06-16T20:20:03 EDT" finished-at="2022-06-16T20:20:03 EDT">
          <reporter-output>
          </reporter-output>
        </test-method> <!-- loginPageCurrentUrlTest -->
        <test-method status="PASS" signature="tearDown()[pri:0, instance:com.projectname_qa.testcases.LoginPageTest@18bf3d14]" name="tearDown" is-config="true" duration-ms="743" started-at="2022-06-16T20:20:03 EDT" finished-at="2022-06-16T20:20:03 EDT">
          <reporter-output>
          </reporter-output>
        </test-method> <!-- tearDown -->
        <test-method status="PASS" signature="setUp()[pri:0, instance:com.projectname_qa.testcases.LoginPageTest@18bf3d14]" name="setUp" is-config="true" duration-ms="5447" started-at="2022-06-16T20:20:03 EDT" finished-at="2022-06-16T20:20:09 EDT">
          <reporter-output>
          </reporter-output>
        </test-method> <!-- setUp -->
        <test-method status="PASS" signature="loginPageLogoImageTest()[pri:3, instance:com.projectname_qa.testcases.LoginPageTest@18bf3d14]" name="loginPageLogoImageTest" duration-ms="87" started-at="2022-06-16T20:20:09 EDT" finished-at="2022-06-16T20:20:09 EDT">
          <reporter-output>
          </reporter-output>
        </test-method> <!-- loginPageLogoImageTest -->
        <test-method status="PASS" signature="tearDown()[pri:0, instance:com.projectname_qa.testcases.LoginPageTest@18bf3d14]" name="tearDown" is-config="true" duration-ms="759" started-at="2022-06-16T20:20:09 EDT" finished-at="2022-06-16T20:20:10 EDT">
          <reporter-output>
          </reporter-output>
        </test-method> <!-- tearDown -->
        <test-method status="PASS" signature="setUp()[pri:0, instance:com.projectname_qa.testcases.LoginPageTest@18bf3d14]" name="setUp" is-config="true" duration-ms="5696" started-at="2022-06-16T20:20:11 EDT" finished-at="2022-06-16T20:20:16 EDT">
          <reporter-output>
          </reporter-output>
        </test-method> <!-- setUp -->
        <test-method status="PASS" signature="loginDetailsTest(java.lang.String,java.lang.String)[pri:4, instance:com.projectname_qa.testcases.LoginPageTest@18bf3d14]" name="loginDetailsTest" duration-ms="8685" started-at="2022-06-16T20:20:16 EDT" data-provider="getRediffLoginCredentialsTestData" finished-at="2022-06-16T20:20:25 EDT">
          <params>
            <param index="0">
              <value>
                <![CDATA[seleniumpanda@rediffmail.com]]>
              </value>
            </param>
            <param index="1">
              <value>
                <![CDATA[Selenium@123]]>
              </value>
            </param>
          </params>
          <reporter-output>
          </reporter-output>
        </test-method> <!-- loginDetailsTest -->
        <test-method status="PASS" signature="tearDown()[pri:0, instance:com.projectname_qa.testcases.LoginPageTest@18bf3d14]" name="tearDown" is-config="true" duration-ms="1417" started-at="2022-06-16T20:20:25 EDT" finished-at="2022-06-16T20:20:26 EDT">
          <reporter-output>
          </reporter-output>
        </test-method> <!-- tearDown -->
        <test-method status="PASS" signature="setUp()[pri:0, instance:com.projectname_qa.testcases.LoginPageTest@18bf3d14]" name="setUp" is-config="true" duration-ms="6056" started-at="2022-06-16T20:20:26 EDT" finished-at="2022-06-16T20:20:33 EDT">
          <reporter-output>
          </reporter-output>
        </test-method> <!-- setUp -->
        <test-method status="PASS" signature="loginDetailsTest(java.lang.String,java.lang.String)[pri:4, instance:com.projectname_qa.testcases.LoginPageTest@18bf3d14]" name="loginDetailsTest" duration-ms="9872" started-at="2022-06-16T20:20:33 EDT" data-provider="getRediffLoginCredentialsTestData" finished-at="2022-06-16T20:20:42 EDT">
          <params>
            <param index="0">
              <value>
                <![CDATA[seleniumpanda1@rediffmail.com]]>
              </value>
            </param>
            <param index="1">
              <value>
                <![CDATA[Selenium@123]]>
              </value>
            </param>
          </params>
          <reporter-output>
          </reporter-output>
        </test-method> <!-- loginDetailsTest -->
        <test-method status="PASS" signature="tearDown()[pri:0, instance:com.projectname_qa.testcases.LoginPageTest@18bf3d14]" name="tearDown" is-config="true" duration-ms="1271" started-at="2022-06-16T20:20:42 EDT" finished-at="2022-06-16T20:20:44 EDT">
          <reporter-output>
          </reporter-output>
        </test-method> <!-- tearDown -->
        <test-method status="PASS" signature="setUp()[pri:0, instance:com.projectname_qa.testcases.LoginPageTest@18bf3d14]" name="setUp" is-config="true" duration-ms="6399" started-at="2022-06-16T20:20:44 EDT" finished-at="2022-06-16T20:20:50 EDT">
          <reporter-output>
          </reporter-output>
        </test-method> <!-- setUp -->
        <test-method status="PASS" signature="loginDetailsTest(java.lang.String,java.lang.String)[pri:4, instance:com.projectname_qa.testcases.LoginPageTest@18bf3d14]" name="loginDetailsTest" duration-ms="8780" started-at="2022-06-16T20:20:50 EDT" data-provider="getRediffLoginCredentialsTestData" finished-at="2022-06-16T20:20:59 EDT">
          <params>
            <param index="0">
              <value>
                <![CDATA[seleniumpanda2@rediffmail.com]]>
              </value>
            </param>
            <param index="1">
              <value>
                <![CDATA[Selenium@123]]>
              </value>
            </param>
          </params>
          <reporter-output>
          </reporter-output>
        </test-method> <!-- loginDetailsTest -->
        <test-method status="PASS" signature="tearDown()[pri:0, instance:com.projectname_qa.testcases.LoginPageTest@18bf3d14]" name="tearDown" is-config="true" duration-ms="1400" started-at="2022-06-16T20:20:59 EDT" finished-at="2022-06-16T20:21:00 EDT">
          <reporter-output>
          </reporter-output>
        </test-method> <!-- tearDown -->
        <test-method status="PASS" signature="setUp()[pri:0, instance:com.projectname_qa.testcases.LoginPageTest@18bf3d14]" name="setUp" is-config="true" duration-ms="5484" started-at="2022-06-16T20:21:00 EDT" finished-at="2022-06-16T20:21:06 EDT">
          <reporter-output>
          </reporter-output>
        </test-method> <!-- setUp -->
        <test-method status="PASS" signature="loginDetailsTest(java.lang.String,java.lang.String)[pri:4, instance:com.projectname_qa.testcases.LoginPageTest@18bf3d14]" name="loginDetailsTest" duration-ms="7925" started-at="2022-06-16T20:21:06 EDT" data-provider="getRediffLoginCredentialsTestData" finished-at="2022-06-16T20:21:14 EDT">
          <params>
            <param index="0">
              <value>
                <![CDATA[seleniumpanda3@rediffmail.com]]>
              </value>
            </param>
            <param index="1">
              <value>
                <![CDATA[Selenium@123]]>
              </value>
            </param>
          </params>
          <reporter-output>
          </reporter-output>
        </test-method> <!-- loginDetailsTest -->
        <test-method status="PASS" signature="tearDown()[pri:0, instance:com.projectname_qa.testcases.LoginPageTest@18bf3d14]" name="tearDown" is-config="true" duration-ms="1465" started-at="2022-06-16T20:21:14 EDT" finished-at="2022-06-16T20:21:15 EDT">
          <reporter-output>
          </reporter-output>
        </test-method> <!-- tearDown -->
      </class> <!-- com.projectname_qa.testcases.LoginPageTest -->
    </test> <!-- Default test -->
  </suite> <!-- Default suite -->
</testng-results>
